<?xml version="1.0" encoding="UTF-8"?>
<!-- Generated by org.testng.reporters.JUnitReportReporter -->
<testsuite hostname="DESKTOP-MKNJ0R0" failures="0" tests="1" name="UITest" time="14.299" errors="0" timestamp="2025-05-09T13:40:25 IST" skipped="0">
  <testcase classname="UITest" name="startbrowser" time="14.299"/>
</testsuite> <!-- UITest -->
