<?xml version="1.0" encoding="UTF-8"?>
<!-- Generated by org.testng.reporters.JUnitReportReporter -->
<testsuite hostname="DESKTOP-MKNJ0R0" failures="0" tests="1" name="UITest" time="12.784" errors="0" timestamp="2025-05-08T14:16:50 IST" skipped="0">
  <testcase classname="UITest" name="startbrowser" time="12.784"/>
</testsuite> <!-- UITest -->
